mode: set
github.com/ecoa-dev-team/burngormabs/gormcustomizations.go:25.85,28.16 2 1
github.com/ecoa-dev-team/burngormabs/gormcustomizations.go:28.16,30.3 1 1
github.com/ecoa-dev-team/burngormabs/gormcustomizations.go:31.2,31.58 1 1
github.com/ecoa-dev-team/burngormabs/gormcustomizations.go:31.58,33.3 1 1
github.com/ecoa-dev-team/burngormabs/gormcustomizations.go:35.2,37.25 3 1
github.com/ecoa-dev-team/burngormabs/gormcustomizations.go:37.25,40.3 2 1
github.com/ecoa-dev-team/burngormabs/gormcustomizations.go:41.2,43.31 3 1
github.com/ecoa-dev-team/burngormabs/gormcustomizations.go:43.31,47.3 3 1
github.com/ecoa-dev-team/burngormabs/gormcustomizations.go:48.2,49.8 2 1
github.com/ecoa-dev-team/burngormabs/gormcustomizations.go:52.90,54.39 1 1
github.com/ecoa-dev-team/burngormabs/gormcustomizations.go:54.39,56.44 2 1
github.com/ecoa-dev-team/burngormabs/gormcustomizations.go:56.44,57.12 1 1
github.com/ecoa-dev-team/burngormabs/gormcustomizations.go:59.3,62.26 3 1
github.com/ecoa-dev-team/burngormabs/gormcustomizations.go:63.16,64.72 1 0
github.com/ecoa-dev-team/burngormabs/gormcustomizations.go:65.13,66.83 1 1
github.com/ecoa-dev-team/burngormabs/gormcustomizations.go:67.14,68.61 1 1
github.com/ecoa-dev-team/burngormabs/gormcustomizations.go:69.14,70.61 1 1
github.com/ecoa-dev-team/burngormabs/gormcustomizations.go:71.13,72.60 1 1
github.com/ecoa-dev-team/burngormabs/gormcustomizations.go:73.13,74.60 1 1
github.com/ecoa-dev-team/burngormabs/gormcustomizations.go:75.13,76.60 1 1
github.com/ecoa-dev-team/burngormabs/gormcustomizations.go:77.15,78.71 1 1
github.com/ecoa-dev-team/burngormabs/gormcustomizations.go:79.15,81.50 2 1
github.com/ecoa-dev-team/burngormabs/gormcustomizations.go:81.50,84.5 2 1
github.com/ecoa-dev-team/burngormabs/gormcustomizations.go:86.4,86.102 1 1
github.com/ecoa-dev-team/burngormabs/gormcustomizations.go:87.11,88.12 1 1
github.com/ecoa-dev-team/burngormabs/gormcustomizations.go:92.2,93.8 2 1
github.com/ecoa-dev-team/burngormabs/gormcustomizations.go:96.124,98.30 2 1
github.com/ecoa-dev-team/burngormabs/gormcustomizations.go:98.30,100.3 1 1
github.com/ecoa-dev-team/burngormabs/gormcustomizations.go:101.2,101.21 1 1
github.com/ecoa-dev-team/burngormabs/gormcustomizations.go:101.21,104.32 3 1
github.com/ecoa-dev-team/burngormabs/gormcustomizations.go:104.32,106.4 1 1
github.com/ecoa-dev-team/burngormabs/gormcustomizations.go:108.2,111.16 3 1
github.com/ecoa-dev-team/burngormabs/gormcustomizations.go:111.16,113.3 1 1
github.com/ecoa-dev-team/burngormabs/gormcustomizations.go:114.2,115.16 2 1
github.com/ecoa-dev-team/burngormabs/gormcustomizations.go:115.16,117.3 1 1
github.com/ecoa-dev-team/burngormabs/gormcustomizations.go:118.2,118.21 1 1
github.com/ecoa-dev-team/burngormabs/gormcustomizations.go:118.21,120.17 2 1
github.com/ecoa-dev-team/burngormabs/gormcustomizations.go:120.17,122.4 1 0
github.com/ecoa-dev-team/burngormabs/gormcustomizations.go:123.3,124.17 2 1
github.com/ecoa-dev-team/burngormabs/gormcustomizations.go:124.17,126.4 1 0
github.com/ecoa-dev-team/burngormabs/gormcustomizations.go:128.2,128.12 1 1
github.com/ecoa-dev-team/burngormabs/gormcustomizations.go:131.107,134.16 3 1
github.com/ecoa-dev-team/burngormabs/gormcustomizations.go:134.16,136.3 1 1
github.com/ecoa-dev-team/burngormabs/gormcustomizations.go:137.2,138.16 2 1
github.com/ecoa-dev-team/burngormabs/gormcustomizations.go:138.16,140.3 1 1
github.com/ecoa-dev-team/burngormabs/gormcustomizations.go:141.2,141.8 1 1
github.com/ecoa-dev-team/burngormabs/gormcustomizations.go:144.102,148.16 3 1
github.com/ecoa-dev-team/burngormabs/gormcustomizations.go:148.16,150.3 1 1
github.com/ecoa-dev-team/burngormabs/gormcustomizations.go:151.2,152.16 2 1
github.com/ecoa-dev-team/burngormabs/gormcustomizations.go:152.16,154.3 1 1
github.com/ecoa-dev-team/burngormabs/gormcustomizations.go:155.2,155.8 1 1
